


ARM Macro Assembler    Page 1 


    1 00000000         ; ******************************************************
                       **********************
    2 00000000         ; Copyright (c) 2019, Nations Technologies Inc.
    3 00000000         ;
    4 00000000         ; All rights reserved.
    5 00000000         ; ******************************************************
                       **********************
    6 00000000         ;
    7 00000000         ; Redistribution and use in source and binary forms, wit
                       h or without
    8 00000000         ; modification, are permitted provided that the followin
                       g conditions are met:
    9 00000000         ;
   10 00000000         ; - Redistributions of source code must retain the above
                        copyright notice,
   11 00000000         ; this list of conditions and the disclaimer below.
   12 00000000         ;
   13 00000000         ; Nations' name may not be used to endorse or promote pr
                       oducts derived from
   14 00000000         ; this software without specific prior written permissio
                       n.
   15 00000000         ;
   16 00000000         ; DISCLAIMER: THIS SOFTWARE IS PROVIDED BY NATIONS "AS I
                       S" AND ANY EXPRESS OR
   17 00000000         ; IMPLIED WARRANTIES, INCLUDING, BUT NOT LIMITED TO, THE
                        IMPLIED WARRANTIES OF
   18 00000000         ; MERCHANTABILITY, FITNESS FOR A PARTICULAR PURPOSE AND 
                       NON-INFRINGEMENT ARE
   19 00000000         ; DISCLAIMED. IN NO EVENT SHALL NATIONS BE LIABLE FOR AN
                       Y DIRECT, INDIRECT,
   20 00000000         ; INCIDENTAL, SPECIAL, EXEMPLARY, OR CONSEQUENTIAL DAMAG
                       ES (INCLUDING, BUT NOT
   21 00000000         ; LIMITED TO, PROCUREMENT OF SUBSTITUTE GOODS OR SERVICE
                       S; LOSS OF USE, DATA,
   22 00000000         ; OR PROFITS; OR BUSINESS INTERRUPTION) HOWEVER CAUSED A
                       ND ON ANY THEORY OF
   23 00000000         ; LIABILITY, WHETHER IN CONTRACT, STRICT LIABILITY, OR T
                       ORT (INCLUDING
   24 00000000         ; NEGLIGENCE OR OTHERWISE) ARISING IN ANY WAY OUT OF THE
                        USE OF THIS SOFTWARE,
   25 00000000         ; EVEN IF ADVISED OF THE POSSIBILITY OF SUCH DAMAGE.
   26 00000000         ; ******************************************************
                       **********************
   27 00000000         
   28 00000000         ; Amount of memory (in bytes) allocated for Stack
   29 00000000         ; Tailor this value to your application needs
   30 00000000         ; <h> Stack Configuration
   31 00000000         ;   <o> Stack Size (in Bytes) <0x0-0xFFFFFFFF:8>
   32 00000000         ; </h>
   33 00000000         
   34 00000000         
   35 00000000 00001500 
                       Stack_Size
                               EQU              0x00001500
   36 00000000         
   37 00000000                 AREA             STACK, NOINIT, READWRITE, ALIGN
=3
   38 00000000         Stack_Mem
                               SPACE            Stack_Size



ARM Macro Assembler    Page 2 


   39 00001500         
   40 00001500         ;Stack_Size      EQU     0x00001000
   41 00001500         ;ADDR_STACK_END  EQU     0x20022000
   42 00001500         ;       AREA    |.ARM.__AT_0x20021000|,DATA, NOINIT, REA
                       DWRITE, ALIGN=3
   43 00001500         ;Stack_Mem       SPACE   Stack_Size
   44 00001500         __initial_sp
   45 00001500         
   46 00001500         
   47 00001500         
   48 00001500         ; <h> Heap Configuration
   49 00001500         ;   <o>  Heap Size (in Bytes) <0x0-0xFFFFFFFF:8>
   50 00001500         ; </h>
   51 00001500         
   52 00001500         ;Heap_Size       EQU     0x00000300
   53 00001500         
   54 00001500         ;                AREA    HEAP, NOINIT, READWRITE, ALIGN=
                       3
   55 00001500         ;__heap_base
   56 00001500         ;Heap_Mem        SPACE   Heap_Size
   57 00001500         
   58 00001500 00000300 
                       Heap_Size
                               EQU              0x00000300
   59 00001500         
   60 00001500                 AREA             HEAP, NOINIT, READWRITE, ALIGN=
3
   61 00000000         __heap_base
   62 00000000         Heap_Mem
                               SPACE            Heap_Size
   63 00000300         __heap_limit
   64 00000300         
   65 00000300                 PRESERVE8
   66 00000300                 THUMB
   67 00000300         
   68 00000300         
   69 00000300         ; Vector Table Mapped to Address 0 at Reset
   70 00000300                 AREA             RESET, DATA, READONLY
   71 00000000                 EXPORT           __Vectors
   72 00000000                 EXPORT           __Vectors_End
   73 00000000                 EXPORT           __Vectors_Size
   74 00000000         
   75 00000000 00000000 
                       __Vectors
                               DCD              __initial_sp ; Top of Stack
   76 00000004 00000000        DCD              Reset_Handler ; Reset Handler
   77 00000008 00000000        DCD              NMI_Handler ; NMI Handler
   78 0000000C 00000000        DCD              HardFault_Handler ; Hard Fault 
                                                            Handler
   79 00000010 00000000        DCD              MemManage_Handler 
                                                            ; MPU Fault Handler
                                                            
   80 00000014 00000000        DCD              BusFault_Handler 
                                                            ; Bus Fault Handler
                                                            
   81 00000018 00000000        DCD              UsageFault_Handler ; Usage Faul
                                                            t Handler
   82 0000001C 00000000        DCD              0           ; Reserved
   83 00000020 00000000        DCD              0           ; Reserved



ARM Macro Assembler    Page 3 


   84 00000024 00000000        DCD              0           ; Reserved
   85 00000028 00000000        DCD              0           ; Reserved
   86 0000002C 00000000        DCD              SVC_Handler ; SVCall Handler
   87 00000030 00000000        DCD              DebugMon_Handler ; Debug Monito
                                                            r Handler
   88 00000034 00000000        DCD              0           ; Reserved
   89 00000038 00000000        DCD              PendSV_Handler ; PendSV Handler
                                                            
   90 0000003C 00000000        DCD              SysTick_Handler 
                                                            ; SysTick Handler
   91 00000040         
   92 00000040         ; External Interrupts
   93 00000040 00000000        DCD              WWDG_IRQHandler 
                                                            ; Window Watchdog
   94 00000044 00000000        DCD              PVD_IRQHandler ; PVD through EX
                                                            TI Line detect
   95 00000048 00000000        DCD              TAMPER_IRQHandler ; Tamper
   96 0000004C 00000000        DCD              RTC_WKUP_IRQHandler ; RTC_WKUP
   97 00000050 00000000        DCD              FLASH_IRQHandler ; Flash
   98 00000054 00000000        DCD              RCC_IRQHandler ; RCC
   99 00000058 00000000        DCD              EXTI0_IRQHandler ; EXTI Line 0
  100 0000005C 00000000        DCD              EXTI1_IRQHandler ; EXTI Line 1
  101 00000060 00000000        DCD              EXTI2_IRQHandler ; EXTI Line 2
  102 00000064 00000000        DCD              EXTI3_IRQHandler ; EXTI Line 3
  103 00000068 00000000        DCD              EXTI4_IRQHandler ; EXTI Line 4
  104 0000006C 00000000        DCD              DMA1_Channel1_IRQHandler 
                                                            ; DMA1 Channel 1
  105 00000070 00000000        DCD              DMA1_Channel2_IRQHandler 
                                                            ; DMA1 Channel 2
  106 00000074 00000000        DCD              DMA1_Channel3_IRQHandler 
                                                            ; DMA1 Channel 3
  107 00000078 00000000        DCD              DMA1_Channel4_IRQHandler 
                                                            ; DMA1 Channel 4
  108 0000007C 00000000        DCD              DMA1_Channel5_IRQHandler 
                                                            ; DMA1 Channel 5
  109 00000080 00000000        DCD              DMA1_Channel6_IRQHandler 
                                                            ; DMA1 Channel 6
  110 00000084 00000000        DCD              DMA1_Channel7_IRQHandler 
                                                            ; DMA1 Channel 7
  111 00000088 00000000        DCD              ADC1_2_IRQHandler ; ADC1 & ADC2
                                                            
  112 0000008C 00000000        DCD              USB_HP_CAN1_TX_IRQHandler ; USB
                                                             High Priority or C
                                                            AN1 TX
  113 00000090 00000000        DCD              USB_LP_CAN1_RX0_IRQHandler ; US
                                                            B Low  Priority or 
                                                            CAN1 RX0
  114 00000094 00000000        DCD              CAN1_RX1_IRQHandler ; CAN1 RX1
  115 00000098 00000000        DCD              CAN1_SCE_IRQHandler ; CAN1 SCE
  116 0000009C 00000000        DCD              EXTI9_5_IRQHandler 
                                                            ; EXTI Line 9..5
  117 000000A0 00000000        DCD              TIM1_BRK_IRQHandler 
                                                            ; TIM1 Break
  118 000000A4 00000000        DCD              TIM1_UP_IRQHandler 
                                                            ; TIM1 Update
  119 000000A8 00000000        DCD              TIM1_TRG_COM_IRQHandler ; TIM1 
                                                            Trigger and Commuta
                                                            tion
  120 000000AC 00000000        DCD              TIM1_CC_IRQHandler ; TIM1 Captu



ARM Macro Assembler    Page 4 


                                                            re Compare
  121 000000B0 00000000        DCD              TIM2_IRQHandler ; TIM2
  122 000000B4 00000000        DCD              TIM3_IRQHandler ; TIM3
  123 000000B8 00000000        DCD              TIM4_IRQHandler ; TIM4
  124 000000BC 00000000        DCD              I2C1_EV_IRQHandler ; I2C1 Event
                                                            
  125 000000C0 00000000        DCD              I2C1_ER_IRQHandler ; I2C1 Error
                                                            
  126 000000C4 00000000        DCD              I2C2_EV_IRQHandler ; I2C2 Event
                                                            
  127 000000C8 00000000        DCD              I2C2_ER_IRQHandler ; I2C2 Error
                                                            
  128 000000CC 00000000        DCD              SPI1_IRQHandler ; SPI1
  129 000000D0 00000000        DCD              SPI2_IRQHandler ; SPI2/I2S2
  130 000000D4 00000000        DCD              USART1_IRQHandler ; USART1
  131 000000D8 00000000        DCD              USART2_IRQHandler ; USART2
  132 000000DC 00000000        DCD              USART3_IRQHandler ; USART3
  133 000000E0 00000000        DCD              EXTI15_10_IRQHandler 
                                                            ; EXTI Line 15..10
  134 000000E4 00000000        DCD              RTCAlarm_IRQHandler ; RTC Alarm
                                                             through EXTI Line
  135 000000E8 00000000        DCD              USBWakeUp_IRQHandler ; USB Wake
                                                            up from suspend
  136 000000EC 00000000        DCD              TIM8_BRK_IRQHandler 
                                                            ; TIM8 Break
  137 000000F0 00000000        DCD              TIM8_UP_IRQHandler 
                                                            ; TIM8 Update
  138 000000F4 00000000        DCD              TIM8_TRG_COM_IRQHandler ; TIM8 
                                                            Trigger and Commuta
                                                            tion
  139 000000F8 00000000        DCD              TIM8_CC_IRQHandler ; TIM8 Captu
                                                            re Compare
  140 000000FC 00000000        DCD              ADC3_4_IRQHandler ; ADC3 & ADC4
                                                            
  141 00000100 00000000        DCD              RESERVE48_IRQHandler ; 
  142 00000104 00000000        DCD              SDIO_IRQHandler ; SDIO
  143 00000108 00000000        DCD              TIM5_IRQHandler ; TIM5
  144 0000010C 00000000        DCD              SPI3_IRQHandler ; SPI3/I2S3
  145 00000110 00000000        DCD              UART4_IRQHandler ; UART4
  146 00000114 00000000        DCD              UART5_IRQHandler ; UART5
  147 00000118 00000000        DCD              TIM6_IRQHandler ; TIM6
  148 0000011C 00000000        DCD              TIM7_IRQHandler ; TIM7
  149 00000120 00000000        DCD              DMA2_Channel1_IRQHandler 
                                                            ; DMA2 Channel1
  150 00000124 00000000        DCD              DMA2_Channel2_IRQHandler 
                                                            ; DMA2 Channel2
  151 00000128 00000000        DCD              DMA2_Channel3_IRQHandler 
                                                            ; DMA2 Channel3
  152 0000012C 00000000        DCD              DMA2_Channel4_IRQHandler 
                                                            ; DMA2 Channel4
  153 00000130 00000000        DCD              DMA2_Channel5_IRQHandler 
                                                            ; DMA2 Channel5
  154 00000134 00000000        DCD              ETH_IRQHandler ; Ethernet globa
                                                            l interrupt
  155 00000138 00000000        DCD              ETH_WKUP_IRQHandler ; Ethernet 
                                                            Wakeup through EXTI
                                                             line interrupt
  156 0000013C 00000000        DCD              CAN2_TX_IRQHandler ; CAN2 TX
  157 00000140 00000000        DCD              CAN2_RX0_IRQHandler ; CAN2 RX0



ARM Macro Assembler    Page 5 


  158 00000144 00000000        DCD              CAN2_RX1_IRQHandler ; CAN2 RX1
  159 00000148 00000000        DCD              CAN2_SCE_IRQHandler ; CAN2 SCE
  160 0000014C 00000000        DCD              QSPI_IRQHandler ; QSPI
  161 00000150 00000000        DCD              DMA2_Channel6_IRQHandler 
                                                            ; DMA2 Channel6
  162 00000154 00000000        DCD              DMA2_Channel7_IRQHandler 
                                                            ; DMA2 Channel7
  163 00000158 00000000        DCD              I2C3_EV_IRQHandler ; I2C3 event
                                                            
  164 0000015C 00000000        DCD              I2C3_ER_IRQHandler ; I2C3 error
                                                            
  165 00000160 00000000        DCD              I2C4_EV_IRQHandler ; I2C4 event
                                                            
  166 00000164 00000000        DCD              I2C4_ER_IRQHandler ; I2C4 error
                                                            
  167 00000168 00000000        DCD              UART6_IRQHandler ; UART6
  168 0000016C 00000000        DCD              UART7_IRQHandler ; UART7
  169 00000170 00000000        DCD              DMA1_Channel8_IRQHandler 
                                                            ; DMA1 Channel8
  170 00000174 00000000        DCD              DMA2_Channel8_IRQHandler 
                                                            ; DMA2 Channel8
  171 00000178 00000000        DCD              DVP_IRQHandler ; DVP
  172 0000017C 00000000        DCD              SAC_IRQHandler ; SAC
  173 00000180 00000000        DCD              MMU_IRQHandler ; MMU
  174 00000184 00000000        DCD              TSC_IRQHandler ; TSC
  175 00000188 00000000        DCD              COMP_1_2_3_IRQHandler ; COMP1 &
                                                             COMP2 & COMP3
  176 0000018C 00000000        DCD              COMP_4_5_6_IRQHandler ; COMP4 &
                                                             COMP5 & COMP6
  177 00000190 00000000        DCD              COMP7_IRQHandler ; COMP7
  178 00000194 00000000        DCD              RSRAM_IRQHandler ; R-SRAM parit
                                                            y error interrupt
  179 00000198         __Vectors_End
  180 00000198         
  181 00000198 00000198 
                       __Vectors_Size
                               EQU              __Vectors_End - __Vectors
  182 00000198         
  183 00000198                 AREA             |.text|, CODE, READONLY
  184 00000000         
  185 00000000         ; Reset handler
  186 00000000         Reset_Handler
                               PROC
  187 00000000                 EXPORT           Reset_Handler             [WEAK
]
  188 00000000                 IMPORT           __main
  189 00000000                 IMPORT           SystemInit
  190 00000000 4806            LDR              R0, =SystemInit
  191 00000002 4780            BLX              R0
  192 00000004 4806            LDR              R0, =__main
  193 00000006 4700            BX               R0
  194 00000008                 ENDP
  195 00000008         
  196 00000008         ; Dummy Exception Handlers (infinite loops which can be 
                       modified)
  197 00000008         
  198 00000008         NMI_Handler
                               PROC
  199 00000008                 EXPORT           NMI_Handler                [WEA



ARM Macro Assembler    Page 6 


K]
  200 00000008 E7FE            B                .
  201 0000000A                 ENDP
  203 0000000A         HardFault_Handler
                               PROC
  204 0000000A                 EXPORT           HardFault_Handler          [WEA
K]
  205 0000000A E7FE            B                .
  206 0000000C                 ENDP
  208 0000000C         MemManage_Handler
                               PROC
  209 0000000C                 EXPORT           MemManage_Handler          [WEA
K]
  210 0000000C E7FE            B                .
  211 0000000E                 ENDP
  213 0000000E         BusFault_Handler
                               PROC
  214 0000000E                 EXPORT           BusFault_Handler           [WEA
K]
  215 0000000E E7FE            B                .
  216 00000010                 ENDP
  218 00000010         UsageFault_Handler
                               PROC
  219 00000010                 EXPORT           UsageFault_Handler         [WEA
K]
  220 00000010 E7FE            B                .
  221 00000012                 ENDP
  222 00000012         SVC_Handler
                               PROC
  223 00000012                 EXPORT           SVC_Handler                [WEA
K]
  224 00000012 E7FE            B                .
  225 00000014                 ENDP
  227 00000014         DebugMon_Handler
                               PROC
  228 00000014                 EXPORT           DebugMon_Handler           [WEA
K]
  229 00000014 E7FE            B                .
  230 00000016                 ENDP
  231 00000016         PendSV_Handler
                               PROC
  232 00000016                 EXPORT           PendSV_Handler             [WEA
K]
  233 00000016 E7FE            B                .
  234 00000018                 ENDP
  235 00000018         SysTick_Handler
                               PROC
  236 00000018                 EXPORT           SysTick_Handler            [WEA
K]
  237 00000018 E7FE            B                .
  238 0000001A                 ENDP
  239 0000001A         
  240 0000001A         Default_Handler
                               PROC
  241 0000001A         
  242 0000001A                 EXPORT           WWDG_IRQHandler            [WEA
K]
  243 0000001A                 EXPORT           PVD_IRQHandler             [WEA
K]



ARM Macro Assembler    Page 7 


  244 0000001A                 EXPORT           TAMPER_IRQHandler          [WEA
K]
  245 0000001A                 EXPORT           RTC_WKUP_IRQHandler        [WEA
K]
  246 0000001A                 EXPORT           FLASH_IRQHandler           [WEA
K]
  247 0000001A                 EXPORT           RCC_IRQHandler             [WEA
K]
  248 0000001A                 EXPORT           EXTI0_IRQHandler           [WEA
K]
  249 0000001A                 EXPORT           EXTI1_IRQHandler           [WEA
K]
  250 0000001A                 EXPORT           EXTI2_IRQHandler           [WEA
K]
  251 0000001A                 EXPORT           EXTI3_IRQHandler           [WEA
K]
  252 0000001A                 EXPORT           EXTI4_IRQHandler           [WEA
K]
  253 0000001A                 EXPORT           DMA1_Channel1_IRQHandler   [WEA
K]
  254 0000001A                 EXPORT           DMA1_Channel2_IRQHandler   [WEA
K]
  255 0000001A                 EXPORT           DMA1_Channel3_IRQHandler   [WEA
K]
  256 0000001A                 EXPORT           DMA1_Channel4_IRQHandler   [WEA
K]
  257 0000001A                 EXPORT           DMA1_Channel5_IRQHandler   [WEA
K]
  258 0000001A                 EXPORT           DMA1_Channel6_IRQHandler   [WEA
K]
  259 0000001A                 EXPORT           DMA1_Channel7_IRQHandler   [WEA
K]
  260 0000001A                 EXPORT           ADC1_2_IRQHandler          [WEA
K]
  261 0000001A                 EXPORT           USB_HP_CAN1_TX_IRQHandler  [WEA
K]
  262 0000001A                 EXPORT           USB_LP_CAN1_RX0_IRQHandler [WEA
K]
  263 0000001A                 EXPORT           CAN1_RX1_IRQHandler        [WEA
K]
  264 0000001A                 EXPORT           CAN1_SCE_IRQHandler        [WEA
K]
  265 0000001A                 EXPORT           EXTI9_5_IRQHandler         [WEA
K]
  266 0000001A                 EXPORT           TIM1_BRK_IRQHandler        [WEA
K]
  267 0000001A                 EXPORT           TIM1_UP_IRQHandler         [WEA
K]
  268 0000001A                 EXPORT           TIM1_TRG_COM_IRQHandler    [WEA
K]
  269 0000001A                 EXPORT           TIM1_CC_IRQHandler         [WEA
K]
  270 0000001A                 EXPORT           TIM2_IRQHandler            [WEA
K]
  271 0000001A                 EXPORT           TIM3_IRQHandler            [WEA
K]
  272 0000001A                 EXPORT           TIM4_IRQHandler            [WEA
K]
  273 0000001A                 EXPORT           I2C1_EV_IRQHandler         [WEA



ARM Macro Assembler    Page 8 


K]
  274 0000001A                 EXPORT           I2C1_ER_IRQHandler         [WEA
K]
  275 0000001A                 EXPORT           I2C2_EV_IRQHandler         [WEA
K]
  276 0000001A                 EXPORT           I2C2_ER_IRQHandler         [WEA
K]
  277 0000001A                 EXPORT           SPI1_IRQHandler            [WEA
K]
  278 0000001A                 EXPORT           SPI2_IRQHandler            [WEA
K]
  279 0000001A                 EXPORT           USART1_IRQHandler          [WEA
K]
  280 0000001A                 EXPORT           USART2_IRQHandler          [WEA
K]
  281 0000001A                 EXPORT           USART3_IRQHandler          [WEA
K]
  282 0000001A                 EXPORT           EXTI15_10_IRQHandler       [WEA
K]
  283 0000001A                 EXPORT           RTCAlarm_IRQHandler        [WEA
K]
  284 0000001A                 EXPORT           USBWakeUp_IRQHandler       [WEA
K]
  285 0000001A                 EXPORT           TIM8_BRK_IRQHandler        [WEA
K]
  286 0000001A                 EXPORT           TIM8_UP_IRQHandler         [WEA
K]
  287 0000001A                 EXPORT           TIM8_TRG_COM_IRQHandler    [WEA
K]
  288 0000001A                 EXPORT           TIM8_CC_IRQHandler         [WEA
K]
  289 0000001A                 EXPORT           ADC3_4_IRQHandler          [WEA
K]
  290 0000001A                 EXPORT           SDIO_IRQHandler            [WEA
K]
  291 0000001A                 EXPORT           TIM5_IRQHandler            [WEA
K]
  292 0000001A                 EXPORT           SPI3_IRQHandler            [WEA
K]
  293 0000001A                 EXPORT           UART4_IRQHandler           [WEA
K]
  294 0000001A                 EXPORT           UART5_IRQHandler           [WEA
K]
  295 0000001A                 EXPORT           TIM6_IRQHandler            [WEA
K]
  296 0000001A                 EXPORT           TIM7_IRQHandler            [WEA
K]
  297 0000001A                 EXPORT           DMA2_Channel1_IRQHandler   [WEA
K]
  298 0000001A                 EXPORT           DMA2_Channel2_IRQHandler   [WEA
K]
  299 0000001A                 EXPORT           DMA2_Channel3_IRQHandler   [WEA
K]
  300 0000001A                 EXPORT           DMA2_Channel4_IRQHandler   [WEA
K]
  301 0000001A                 EXPORT           DMA2_Channel5_IRQHandler   [WEA
K]
  302 0000001A                 EXPORT           ETH_IRQHandler             [WEA
K]



ARM Macro Assembler    Page 9 


  303 0000001A                 EXPORT           ETH_WKUP_IRQHandler        [WEA
K]
  304 0000001A                 EXPORT           CAN2_TX_IRQHandler         [WEA
K]
  305 0000001A                 EXPORT           CAN2_RX0_IRQHandler        [WEA
K]
  306 0000001A                 EXPORT           CAN2_RX1_IRQHandler        [WEA
K]
  307 0000001A                 EXPORT           CAN2_SCE_IRQHandler        [WEA
K]
  308 0000001A                 EXPORT           QSPI_IRQHandler            [WEA
K]
  309 0000001A                 EXPORT           DMA2_Channel6_IRQHandler   [WEA
K]
  310 0000001A                 EXPORT           DMA2_Channel7_IRQHandler   [WEA
K]
  311 0000001A                 EXPORT           I2C3_EV_IRQHandler         [WEA
K]
  312 0000001A                 EXPORT           I2C3_ER_IRQHandler         [WEA
K]
  313 0000001A                 EXPORT           I2C4_EV_IRQHandler         [WEA
K]
  314 0000001A                 EXPORT           I2C4_ER_IRQHandler         [WEA
K]
  315 0000001A                 EXPORT           UART6_IRQHandler           [WEA
K]
  316 0000001A                 EXPORT           UART7_IRQHandler           [WEA
K]
  317 0000001A                 EXPORT           DMA1_Channel8_IRQHandler   [WEA
K]
  318 0000001A                 EXPORT           DMA2_Channel8_IRQHandler   [WEA
K]
  319 0000001A                 EXPORT           DVP_IRQHandler             [WEA
K]
  320 0000001A                 EXPORT           SAC_IRQHandler             [WEA
K]
  321 0000001A                 EXPORT           MMU_IRQHandler             [WEA
K]
  322 0000001A                 EXPORT           TSC_IRQHandler             [WEA
K]
  323 0000001A                 EXPORT           COMP_1_2_3_IRQHandler      [WEA
K]
  324 0000001A                 EXPORT           COMP_4_5_6_IRQHandler      [WEA
K]
  325 0000001A                 EXPORT           COMP7_IRQHandler           [WEA
K]
  326 0000001A                 EXPORT           RSRAM_IRQHandler           [WEA
K]
  327 0000001A         
  328 0000001A         WWDG_IRQHandler
  329 0000001A         PVD_IRQHandler
  330 0000001A         TAMPER_IRQHandler
  331 0000001A         RTC_WKUP_IRQHandler
  332 0000001A         FLASH_IRQHandler
  333 0000001A         RCC_IRQHandler
  334 0000001A         EXTI0_IRQHandler
  335 0000001A         EXTI1_IRQHandler
  336 0000001A         EXTI2_IRQHandler
  337 0000001A         EXTI3_IRQHandler



ARM Macro Assembler    Page 10 


  338 0000001A         EXTI4_IRQHandler
  339 0000001A         DMA1_Channel1_IRQHandler
  340 0000001A         DMA1_Channel2_IRQHandler
  341 0000001A         DMA1_Channel3_IRQHandler
  342 0000001A         DMA1_Channel4_IRQHandler
  343 0000001A         DMA1_Channel5_IRQHandler
  344 0000001A         DMA1_Channel6_IRQHandler
  345 0000001A         DMA1_Channel7_IRQHandler
  346 0000001A         ADC1_2_IRQHandler
  347 0000001A         USB_HP_CAN1_TX_IRQHandler
  348 0000001A         USB_LP_CAN1_RX0_IRQHandler
  349 0000001A         CAN1_RX1_IRQHandler
  350 0000001A         CAN1_SCE_IRQHandler
  351 0000001A         EXTI9_5_IRQHandler
  352 0000001A         TIM1_BRK_IRQHandler
  353 0000001A         TIM1_UP_IRQHandler
  354 0000001A         TIM1_TRG_COM_IRQHandler
  355 0000001A         TIM1_CC_IRQHandler
  356 0000001A         TIM2_IRQHandler
  357 0000001A         TIM3_IRQHandler
  358 0000001A         TIM4_IRQHandler
  359 0000001A         I2C1_EV_IRQHandler
  360 0000001A         I2C1_ER_IRQHandler
  361 0000001A         I2C2_EV_IRQHandler
  362 0000001A         I2C2_ER_IRQHandler
  363 0000001A         SPI1_IRQHandler
  364 0000001A         SPI2_IRQHandler
  365 0000001A         USART1_IRQHandler
  366 0000001A         USART2_IRQHandler
  367 0000001A         USART3_IRQHandler
  368 0000001A         EXTI15_10_IRQHandler
  369 0000001A         RTCAlarm_IRQHandler
  370 0000001A         USBWakeUp_IRQHandler
  371 0000001A         TIM8_BRK_IRQHandler
  372 0000001A         TIM8_UP_IRQHandler
  373 0000001A         TIM8_TRG_COM_IRQHandler
  374 0000001A         TIM8_CC_IRQHandler
  375 0000001A         ADC3_4_IRQHandler
  376 0000001A         RESERVE48_IRQHandler
  377 0000001A         SDIO_IRQHandler
  378 0000001A         TIM5_IRQHandler
  379 0000001A         SPI3_IRQHandler
  380 0000001A         UART4_IRQHandler
  381 0000001A         UART5_IRQHandler
  382 0000001A         TIM6_IRQHandler
  383 0000001A         TIM7_IRQHandler
  384 0000001A         DMA2_Channel1_IRQHandler
  385 0000001A         DMA2_Channel2_IRQHandler
  386 0000001A         DMA2_Channel3_IRQHandler
  387 0000001A         DMA2_Channel4_IRQHandler
  388 0000001A         DMA2_Channel5_IRQHandler
  389 0000001A         ETH_IRQHandler
  390 0000001A         ETH_WKUP_IRQHandler
  391 0000001A         CAN2_TX_IRQHandler
  392 0000001A         CAN2_RX0_IRQHandler
  393 0000001A         CAN2_RX1_IRQHandler
  394 0000001A         CAN2_SCE_IRQHandler
  395 0000001A         QSPI_IRQHandler
  396 0000001A         DMA2_Channel6_IRQHandler



ARM Macro Assembler    Page 11 


  397 0000001A         DMA2_Channel7_IRQHandler
  398 0000001A         I2C3_EV_IRQHandler
  399 0000001A         I2C3_ER_IRQHandler
  400 0000001A         I2C4_EV_IRQHandler
  401 0000001A         I2C4_ER_IRQHandler
  402 0000001A         UART6_IRQHandler
  403 0000001A         UART7_IRQHandler
  404 0000001A         DMA1_Channel8_IRQHandler
  405 0000001A         DMA2_Channel8_IRQHandler
  406 0000001A         DVP_IRQHandler
  407 0000001A         SAC_IRQHandler
  408 0000001A         MMU_IRQHandler
  409 0000001A         TSC_IRQHandler
  410 0000001A         COMP_1_2_3_IRQHandler
  411 0000001A         COMP_4_5_6_IRQHandler
  412 0000001A         COMP7_IRQHandler
  413 0000001A         RSRAM_IRQHandler
  414 0000001A E7FE            B                .
  415 0000001C         
  416 0000001C                 ENDP
  417 0000001C         
  418 0000001C                 ALIGN
  419 0000001C         
  420 0000001C         ;*******************************************************
                       ************************
  421 0000001C         ; User Stack and Heap initialization
  422 0000001C         ;*******************************************************
                       ************************
  423 0000001C                 IF               :DEF:__MICROLIB
  424 0000001C         
  425 0000001C                 EXPORT           __initial_sp
  426 0000001C                 EXPORT           __heap_base
  427 0000001C                 EXPORT           __heap_limit
  428 0000001C         
  429 0000001C                 ELSE
  444                          ENDIF
  445 0000001C         
  446 0000001C                 END
              00000000 
              00000000 
Command Line: --debug --xref --diag_suppress=9931 --cpu=Cortex-M4.fp.sp --apcs=
interwork --depend=.\objects\startup_n32g45x.d -o.\objects\startup_n32g45x.o -I
D:\Keil\Nationstech\N32G45x_DFP\1.0.6\firmware\CMSIS\device --predefine="__EVAL
 SETA 1" --predefine="__MICROLIB SETA 1" --predefine="__UVISION_VERSION SETA 54
1" --predefine="N32G45X SETA 1" --predefine="N32G452 SETA 1" --predefine="USE_S
TDPERIPH_DRIVER SETA 1" --list=.\listings\startup_n32g45x.lst ..\firmware\CMSIS
\device\startup\startup_n32g45x.s



ARM Macro Assembler    Page 1 Alphabetic symbol ordering
Relocatable symbols

STACK 00000000

Symbol: STACK
   Definitions
      At line 37 in file ..\firmware\CMSIS\device\startup\startup_n32g45x.s
   Uses
      None
Comment: STACK unused
Stack_Mem 00000000

Symbol: Stack_Mem
   Definitions
      At line 38 in file ..\firmware\CMSIS\device\startup\startup_n32g45x.s
   Uses
      None
Comment: Stack_Mem unused
__initial_sp 00001500

Symbol: __initial_sp
   Definitions
      At line 44 in file ..\firmware\CMSIS\device\startup\startup_n32g45x.s
   Uses
      At line 75 in file ..\firmware\CMSIS\device\startup\startup_n32g45x.s
      At line 425 in file ..\firmware\CMSIS\device\startup\startup_n32g45x.s

3 symbols



ARM Macro Assembler    Page 1 Alphabetic symbol ordering
Relocatable symbols

HEAP 00000000

Symbol: HEAP
   Definitions
      At line 60 in file ..\firmware\CMSIS\device\startup\startup_n32g45x.s
   Uses
      None
Comment: HEAP unused
Heap_Mem 00000000

Symbol: Heap_Mem
   Definitions
      At line 62 in file ..\firmware\CMSIS\device\startup\startup_n32g45x.s
   Uses
      None
Comment: Heap_Mem unused
__heap_base 00000000

Symbol: __heap_base
   Definitions
      At line 61 in file ..\firmware\CMSIS\device\startup\startup_n32g45x.s
   Uses
      At line 426 in file ..\firmware\CMSIS\device\startup\startup_n32g45x.s
Comment: __heap_base used once
__heap_limit 00000300

Symbol: __heap_limit
   Definitions
      At line 63 in file ..\firmware\CMSIS\device\startup\startup_n32g45x.s
   Uses
      At line 427 in file ..\firmware\CMSIS\device\startup\startup_n32g45x.s
Comment: __heap_limit used once
4 symbols



ARM Macro Assembler    Page 1 Alphabetic symbol ordering
Relocatable symbols

RESET 00000000

Symbol: RESET
   Definitions
      At line 70 in file ..\firmware\CMSIS\device\startup\startup_n32g45x.s
   Uses
      None
Comment: RESET unused
__Vectors 00000000

Symbol: __Vectors
   Definitions
      At line 75 in file ..\firmware\CMSIS\device\startup\startup_n32g45x.s
   Uses
      At line 71 in file ..\firmware\CMSIS\device\startup\startup_n32g45x.s
      At line 181 in file ..\firmware\CMSIS\device\startup\startup_n32g45x.s

__Vectors_End 00000198

Symbol: __Vectors_End
   Definitions
      At line 179 in file ..\firmware\CMSIS\device\startup\startup_n32g45x.s
   Uses
      At line 72 in file ..\firmware\CMSIS\device\startup\startup_n32g45x.s
      At line 181 in file ..\firmware\CMSIS\device\startup\startup_n32g45x.s

3 symbols



ARM Macro Assembler    Page 1 Alphabetic symbol ordering
Relocatable symbols

.text 00000000

Symbol: .text
   Definitions
      At line 183 in file ..\firmware\CMSIS\device\startup\startup_n32g45x.s
   Uses
      None
Comment: .text unused
ADC1_2_IRQHandler 0000001A

Symbol: ADC1_2_IRQHandler
   Definitions
      At line 346 in file ..\firmware\CMSIS\device\startup\startup_n32g45x.s
   Uses
      At line 111 in file ..\firmware\CMSIS\device\startup\startup_n32g45x.s
      At line 260 in file ..\firmware\CMSIS\device\startup\startup_n32g45x.s

ADC3_4_IRQHandler 0000001A

Symbol: ADC3_4_IRQHandler
   Definitions
      At line 375 in file ..\firmware\CMSIS\device\startup\startup_n32g45x.s
   Uses
      At line 140 in file ..\firmware\CMSIS\device\startup\startup_n32g45x.s
      At line 289 in file ..\firmware\CMSIS\device\startup\startup_n32g45x.s

BusFault_Handler 0000000E

Symbol: BusFault_Handler
   Definitions
      At line 213 in file ..\firmware\CMSIS\device\startup\startup_n32g45x.s
   Uses
      At line 80 in file ..\firmware\CMSIS\device\startup\startup_n32g45x.s
      At line 214 in file ..\firmware\CMSIS\device\startup\startup_n32g45x.s

CAN1_RX1_IRQHandler 0000001A

Symbol: CAN1_RX1_IRQHandler
   Definitions
      At line 349 in file ..\firmware\CMSIS\device\startup\startup_n32g45x.s
   Uses
      At line 114 in file ..\firmware\CMSIS\device\startup\startup_n32g45x.s
      At line 263 in file ..\firmware\CMSIS\device\startup\startup_n32g45x.s

CAN1_SCE_IRQHandler 0000001A

Symbol: CAN1_SCE_IRQHandler
   Definitions
      At line 350 in file ..\firmware\CMSIS\device\startup\startup_n32g45x.s
   Uses
      At line 115 in file ..\firmware\CMSIS\device\startup\startup_n32g45x.s
      At line 264 in file ..\firmware\CMSIS\device\startup\startup_n32g45x.s

CAN2_RX0_IRQHandler 0000001A

Symbol: CAN2_RX0_IRQHandler
   Definitions
      At line 392 in file ..\firmware\CMSIS\device\startup\startup_n32g45x.s
   Uses



ARM Macro Assembler    Page 2 Alphabetic symbol ordering
Relocatable symbols

      At line 157 in file ..\firmware\CMSIS\device\startup\startup_n32g45x.s
      At line 305 in file ..\firmware\CMSIS\device\startup\startup_n32g45x.s

CAN2_RX1_IRQHandler 0000001A

Symbol: CAN2_RX1_IRQHandler
   Definitions
      At line 393 in file ..\firmware\CMSIS\device\startup\startup_n32g45x.s
   Uses
      At line 158 in file ..\firmware\CMSIS\device\startup\startup_n32g45x.s
      At line 306 in file ..\firmware\CMSIS\device\startup\startup_n32g45x.s

CAN2_SCE_IRQHandler 0000001A

Symbol: CAN2_SCE_IRQHandler
   Definitions
      At line 394 in file ..\firmware\CMSIS\device\startup\startup_n32g45x.s
   Uses
      At line 159 in file ..\firmware\CMSIS\device\startup\startup_n32g45x.s
      At line 307 in file ..\firmware\CMSIS\device\startup\startup_n32g45x.s

CAN2_TX_IRQHandler 0000001A

Symbol: CAN2_TX_IRQHandler
   Definitions
      At line 391 in file ..\firmware\CMSIS\device\startup\startup_n32g45x.s
   Uses
      At line 156 in file ..\firmware\CMSIS\device\startup\startup_n32g45x.s
      At line 304 in file ..\firmware\CMSIS\device\startup\startup_n32g45x.s

COMP7_IRQHandler 0000001A

Symbol: COMP7_IRQHandler
   Definitions
      At line 412 in file ..\firmware\CMSIS\device\startup\startup_n32g45x.s
   Uses
      At line 177 in file ..\firmware\CMSIS\device\startup\startup_n32g45x.s
      At line 325 in file ..\firmware\CMSIS\device\startup\startup_n32g45x.s

COMP_1_2_3_IRQHandler 0000001A

Symbol: COMP_1_2_3_IRQHandler
   Definitions
      At line 410 in file ..\firmware\CMSIS\device\startup\startup_n32g45x.s
   Uses
      At line 175 in file ..\firmware\CMSIS\device\startup\startup_n32g45x.s
      At line 323 in file ..\firmware\CMSIS\device\startup\startup_n32g45x.s

COMP_4_5_6_IRQHandler 0000001A

Symbol: COMP_4_5_6_IRQHandler
   Definitions
      At line 411 in file ..\firmware\CMSIS\device\startup\startup_n32g45x.s
   Uses
      At line 176 in file ..\firmware\CMSIS\device\startup\startup_n32g45x.s
      At line 324 in file ..\firmware\CMSIS\device\startup\startup_n32g45x.s

DMA1_Channel1_IRQHandler 0000001A




ARM Macro Assembler    Page 3 Alphabetic symbol ordering
Relocatable symbols

Symbol: DMA1_Channel1_IRQHandler
   Definitions
      At line 339 in file ..\firmware\CMSIS\device\startup\startup_n32g45x.s
   Uses
      At line 104 in file ..\firmware\CMSIS\device\startup\startup_n32g45x.s
      At line 253 in file ..\firmware\CMSIS\device\startup\startup_n32g45x.s

DMA1_Channel2_IRQHandler 0000001A

Symbol: DMA1_Channel2_IRQHandler
   Definitions
      At line 340 in file ..\firmware\CMSIS\device\startup\startup_n32g45x.s
   Uses
      At line 105 in file ..\firmware\CMSIS\device\startup\startup_n32g45x.s
      At line 254 in file ..\firmware\CMSIS\device\startup\startup_n32g45x.s

DMA1_Channel3_IRQHandler 0000001A

Symbol: DMA1_Channel3_IRQHandler
   Definitions
      At line 341 in file ..\firmware\CMSIS\device\startup\startup_n32g45x.s
   Uses
      At line 106 in file ..\firmware\CMSIS\device\startup\startup_n32g45x.s
      At line 255 in file ..\firmware\CMSIS\device\startup\startup_n32g45x.s

DMA1_Channel4_IRQHandler 0000001A

Symbol: DMA1_Channel4_IRQHandler
   Definitions
      At line 342 in file ..\firmware\CMSIS\device\startup\startup_n32g45x.s
   Uses
      At line 107 in file ..\firmware\CMSIS\device\startup\startup_n32g45x.s
      At line 256 in file ..\firmware\CMSIS\device\startup\startup_n32g45x.s

DMA1_Channel5_IRQHandler 0000001A

Symbol: DMA1_Channel5_IRQHandler
   Definitions
      At line 343 in file ..\firmware\CMSIS\device\startup\startup_n32g45x.s
   Uses
      At line 108 in file ..\firmware\CMSIS\device\startup\startup_n32g45x.s
      At line 257 in file ..\firmware\CMSIS\device\startup\startup_n32g45x.s

DMA1_Channel6_IRQHandler 0000001A

Symbol: DMA1_Channel6_IRQHandler
   Definitions
      At line 344 in file ..\firmware\CMSIS\device\startup\startup_n32g45x.s
   Uses
      At line 109 in file ..\firmware\CMSIS\device\startup\startup_n32g45x.s
      At line 258 in file ..\firmware\CMSIS\device\startup\startup_n32g45x.s

DMA1_Channel7_IRQHandler 0000001A

Symbol: DMA1_Channel7_IRQHandler
   Definitions
      At line 345 in file ..\firmware\CMSIS\device\startup\startup_n32g45x.s
   Uses
      At line 110 in file ..\firmware\CMSIS\device\startup\startup_n32g45x.s



ARM Macro Assembler    Page 4 Alphabetic symbol ordering
Relocatable symbols

      At line 259 in file ..\firmware\CMSIS\device\startup\startup_n32g45x.s

DMA1_Channel8_IRQHandler 0000001A

Symbol: DMA1_Channel8_IRQHandler
   Definitions
      At line 404 in file ..\firmware\CMSIS\device\startup\startup_n32g45x.s
   Uses
      At line 169 in file ..\firmware\CMSIS\device\startup\startup_n32g45x.s
      At line 317 in file ..\firmware\CMSIS\device\startup\startup_n32g45x.s

DMA2_Channel1_IRQHandler 0000001A

Symbol: DMA2_Channel1_IRQHandler
   Definitions
      At line 384 in file ..\firmware\CMSIS\device\startup\startup_n32g45x.s
   Uses
      At line 149 in file ..\firmware\CMSIS\device\startup\startup_n32g45x.s
      At line 297 in file ..\firmware\CMSIS\device\startup\startup_n32g45x.s

DMA2_Channel2_IRQHandler 0000001A

Symbol: DMA2_Channel2_IRQHandler
   Definitions
      At line 385 in file ..\firmware\CMSIS\device\startup\startup_n32g45x.s
   Uses
      At line 150 in file ..\firmware\CMSIS\device\startup\startup_n32g45x.s
      At line 298 in file ..\firmware\CMSIS\device\startup\startup_n32g45x.s

DMA2_Channel3_IRQHandler 0000001A

Symbol: DMA2_Channel3_IRQHandler
   Definitions
      At line 386 in file ..\firmware\CMSIS\device\startup\startup_n32g45x.s
   Uses
      At line 151 in file ..\firmware\CMSIS\device\startup\startup_n32g45x.s
      At line 299 in file ..\firmware\CMSIS\device\startup\startup_n32g45x.s

DMA2_Channel4_IRQHandler 0000001A

Symbol: DMA2_Channel4_IRQHandler
   Definitions
      At line 387 in file ..\firmware\CMSIS\device\startup\startup_n32g45x.s
   Uses
      At line 152 in file ..\firmware\CMSIS\device\startup\startup_n32g45x.s
      At line 300 in file ..\firmware\CMSIS\device\startup\startup_n32g45x.s

DMA2_Channel5_IRQHandler 0000001A

Symbol: DMA2_Channel5_IRQHandler
   Definitions
      At line 388 in file ..\firmware\CMSIS\device\startup\startup_n32g45x.s
   Uses
      At line 153 in file ..\firmware\CMSIS\device\startup\startup_n32g45x.s
      At line 301 in file ..\firmware\CMSIS\device\startup\startup_n32g45x.s

DMA2_Channel6_IRQHandler 0000001A

Symbol: DMA2_Channel6_IRQHandler



ARM Macro Assembler    Page 5 Alphabetic symbol ordering
Relocatable symbols

   Definitions
      At line 396 in file ..\firmware\CMSIS\device\startup\startup_n32g45x.s
   Uses
      At line 161 in file ..\firmware\CMSIS\device\startup\startup_n32g45x.s
      At line 309 in file ..\firmware\CMSIS\device\startup\startup_n32g45x.s

DMA2_Channel7_IRQHandler 0000001A

Symbol: DMA2_Channel7_IRQHandler
   Definitions
      At line 397 in file ..\firmware\CMSIS\device\startup\startup_n32g45x.s
   Uses
      At line 162 in file ..\firmware\CMSIS\device\startup\startup_n32g45x.s
      At line 310 in file ..\firmware\CMSIS\device\startup\startup_n32g45x.s

DMA2_Channel8_IRQHandler 0000001A

Symbol: DMA2_Channel8_IRQHandler
   Definitions
      At line 405 in file ..\firmware\CMSIS\device\startup\startup_n32g45x.s
   Uses
      At line 170 in file ..\firmware\CMSIS\device\startup\startup_n32g45x.s
      At line 318 in file ..\firmware\CMSIS\device\startup\startup_n32g45x.s

DVP_IRQHandler 0000001A

Symbol: DVP_IRQHandler
   Definitions
      At line 406 in file ..\firmware\CMSIS\device\startup\startup_n32g45x.s
   Uses
      At line 171 in file ..\firmware\CMSIS\device\startup\startup_n32g45x.s
      At line 319 in file ..\firmware\CMSIS\device\startup\startup_n32g45x.s

DebugMon_Handler 00000014

Symbol: DebugMon_Handler
   Definitions
      At line 227 in file ..\firmware\CMSIS\device\startup\startup_n32g45x.s
   Uses
      At line 87 in file ..\firmware\CMSIS\device\startup\startup_n32g45x.s
      At line 228 in file ..\firmware\CMSIS\device\startup\startup_n32g45x.s

Default_Handler 0000001A

Symbol: Default_Handler
   Definitions
      At line 240 in file ..\firmware\CMSIS\device\startup\startup_n32g45x.s
   Uses
      None
Comment: Default_Handler unused
ETH_IRQHandler 0000001A

Symbol: ETH_IRQHandler
   Definitions
      At line 389 in file ..\firmware\CMSIS\device\startup\startup_n32g45x.s
   Uses
      At line 154 in file ..\firmware\CMSIS\device\startup\startup_n32g45x.s
      At line 302 in file ..\firmware\CMSIS\device\startup\startup_n32g45x.s




ARM Macro Assembler    Page 6 Alphabetic symbol ordering
Relocatable symbols

ETH_WKUP_IRQHandler 0000001A

Symbol: ETH_WKUP_IRQHandler
   Definitions
      At line 390 in file ..\firmware\CMSIS\device\startup\startup_n32g45x.s
   Uses
      At line 155 in file ..\firmware\CMSIS\device\startup\startup_n32g45x.s
      At line 303 in file ..\firmware\CMSIS\device\startup\startup_n32g45x.s

EXTI0_IRQHandler 0000001A

Symbol: EXTI0_IRQHandler
   Definitions
      At line 334 in file ..\firmware\CMSIS\device\startup\startup_n32g45x.s
   Uses
      At line 99 in file ..\firmware\CMSIS\device\startup\startup_n32g45x.s
      At line 248 in file ..\firmware\CMSIS\device\startup\startup_n32g45x.s

EXTI15_10_IRQHandler 0000001A

Symbol: EXTI15_10_IRQHandler
   Definitions
      At line 368 in file ..\firmware\CMSIS\device\startup\startup_n32g45x.s
   Uses
      At line 133 in file ..\firmware\CMSIS\device\startup\startup_n32g45x.s
      At line 282 in file ..\firmware\CMSIS\device\startup\startup_n32g45x.s

EXTI1_IRQHandler 0000001A

Symbol: EXTI1_IRQHandler
   Definitions
      At line 335 in file ..\firmware\CMSIS\device\startup\startup_n32g45x.s
   Uses
      At line 100 in file ..\firmware\CMSIS\device\startup\startup_n32g45x.s
      At line 249 in file ..\firmware\CMSIS\device\startup\startup_n32g45x.s

EXTI2_IRQHandler 0000001A

Symbol: EXTI2_IRQHandler
   Definitions
      At line 336 in file ..\firmware\CMSIS\device\startup\startup_n32g45x.s
   Uses
      At line 101 in file ..\firmware\CMSIS\device\startup\startup_n32g45x.s
      At line 250 in file ..\firmware\CMSIS\device\startup\startup_n32g45x.s

EXTI3_IRQHandler 0000001A

Symbol: EXTI3_IRQHandler
   Definitions
      At line 337 in file ..\firmware\CMSIS\device\startup\startup_n32g45x.s
   Uses
      At line 102 in file ..\firmware\CMSIS\device\startup\startup_n32g45x.s
      At line 251 in file ..\firmware\CMSIS\device\startup\startup_n32g45x.s

EXTI4_IRQHandler 0000001A

Symbol: EXTI4_IRQHandler
   Definitions
      At line 338 in file ..\firmware\CMSIS\device\startup\startup_n32g45x.s



ARM Macro Assembler    Page 7 Alphabetic symbol ordering
Relocatable symbols

   Uses
      At line 103 in file ..\firmware\CMSIS\device\startup\startup_n32g45x.s
      At line 252 in file ..\firmware\CMSIS\device\startup\startup_n32g45x.s

EXTI9_5_IRQHandler 0000001A

Symbol: EXTI9_5_IRQHandler
   Definitions
      At line 351 in file ..\firmware\CMSIS\device\startup\startup_n32g45x.s
   Uses
      At line 116 in file ..\firmware\CMSIS\device\startup\startup_n32g45x.s
      At line 265 in file ..\firmware\CMSIS\device\startup\startup_n32g45x.s

FLASH_IRQHandler 0000001A

Symbol: FLASH_IRQHandler
   Definitions
      At line 332 in file ..\firmware\CMSIS\device\startup\startup_n32g45x.s
   Uses
      At line 97 in file ..\firmware\CMSIS\device\startup\startup_n32g45x.s
      At line 246 in file ..\firmware\CMSIS\device\startup\startup_n32g45x.s

HardFault_Handler 0000000A

Symbol: HardFault_Handler
   Definitions
      At line 203 in file ..\firmware\CMSIS\device\startup\startup_n32g45x.s
   Uses
      At line 78 in file ..\firmware\CMSIS\device\startup\startup_n32g45x.s
      At line 204 in file ..\firmware\CMSIS\device\startup\startup_n32g45x.s

I2C1_ER_IRQHandler 0000001A

Symbol: I2C1_ER_IRQHandler
   Definitions
      At line 360 in file ..\firmware\CMSIS\device\startup\startup_n32g45x.s
   Uses
      At line 125 in file ..\firmware\CMSIS\device\startup\startup_n32g45x.s
      At line 274 in file ..\firmware\CMSIS\device\startup\startup_n32g45x.s

I2C1_EV_IRQHandler 0000001A

Symbol: I2C1_EV_IRQHandler
   Definitions
      At line 359 in file ..\firmware\CMSIS\device\startup\startup_n32g45x.s
   Uses
      At line 124 in file ..\firmware\CMSIS\device\startup\startup_n32g45x.s
      At line 273 in file ..\firmware\CMSIS\device\startup\startup_n32g45x.s

I2C2_ER_IRQHandler 0000001A

Symbol: I2C2_ER_IRQHandler
   Definitions
      At line 362 in file ..\firmware\CMSIS\device\startup\startup_n32g45x.s
   Uses
      At line 127 in file ..\firmware\CMSIS\device\startup\startup_n32g45x.s
      At line 276 in file ..\firmware\CMSIS\device\startup\startup_n32g45x.s

I2C2_EV_IRQHandler 0000001A



ARM Macro Assembler    Page 8 Alphabetic symbol ordering
Relocatable symbols


Symbol: I2C2_EV_IRQHandler
   Definitions
      At line 361 in file ..\firmware\CMSIS\device\startup\startup_n32g45x.s
   Uses
      At line 126 in file ..\firmware\CMSIS\device\startup\startup_n32g45x.s
      At line 275 in file ..\firmware\CMSIS\device\startup\startup_n32g45x.s

I2C3_ER_IRQHandler 0000001A

Symbol: I2C3_ER_IRQHandler
   Definitions
      At line 399 in file ..\firmware\CMSIS\device\startup\startup_n32g45x.s
   Uses
      At line 164 in file ..\firmware\CMSIS\device\startup\startup_n32g45x.s
      At line 312 in file ..\firmware\CMSIS\device\startup\startup_n32g45x.s

I2C3_EV_IRQHandler 0000001A

Symbol: I2C3_EV_IRQHandler
   Definitions
      At line 398 in file ..\firmware\CMSIS\device\startup\startup_n32g45x.s
   Uses
      At line 163 in file ..\firmware\CMSIS\device\startup\startup_n32g45x.s
      At line 311 in file ..\firmware\CMSIS\device\startup\startup_n32g45x.s

I2C4_ER_IRQHandler 0000001A

Symbol: I2C4_ER_IRQHandler
   Definitions
      At line 401 in file ..\firmware\CMSIS\device\startup\startup_n32g45x.s
   Uses
      At line 166 in file ..\firmware\CMSIS\device\startup\startup_n32g45x.s
      At line 314 in file ..\firmware\CMSIS\device\startup\startup_n32g45x.s

I2C4_EV_IRQHandler 0000001A

Symbol: I2C4_EV_IRQHandler
   Definitions
      At line 400 in file ..\firmware\CMSIS\device\startup\startup_n32g45x.s
   Uses
      At line 165 in file ..\firmware\CMSIS\device\startup\startup_n32g45x.s
      At line 313 in file ..\firmware\CMSIS\device\startup\startup_n32g45x.s

MMU_IRQHandler 0000001A

Symbol: MMU_IRQHandler
   Definitions
      At line 408 in file ..\firmware\CMSIS\device\startup\startup_n32g45x.s
   Uses
      At line 173 in file ..\firmware\CMSIS\device\startup\startup_n32g45x.s
      At line 321 in file ..\firmware\CMSIS\device\startup\startup_n32g45x.s

MemManage_Handler 0000000C

Symbol: MemManage_Handler
   Definitions
      At line 208 in file ..\firmware\CMSIS\device\startup\startup_n32g45x.s
   Uses



ARM Macro Assembler    Page 9 Alphabetic symbol ordering
Relocatable symbols

      At line 79 in file ..\firmware\CMSIS\device\startup\startup_n32g45x.s
      At line 209 in file ..\firmware\CMSIS\device\startup\startup_n32g45x.s

NMI_Handler 00000008

Symbol: NMI_Handler
   Definitions
      At line 198 in file ..\firmware\CMSIS\device\startup\startup_n32g45x.s
   Uses
      At line 77 in file ..\firmware\CMSIS\device\startup\startup_n32g45x.s
      At line 199 in file ..\firmware\CMSIS\device\startup\startup_n32g45x.s

PVD_IRQHandler 0000001A

Symbol: PVD_IRQHandler
   Definitions
      At line 329 in file ..\firmware\CMSIS\device\startup\startup_n32g45x.s
   Uses
      At line 94 in file ..\firmware\CMSIS\device\startup\startup_n32g45x.s
      At line 243 in file ..\firmware\CMSIS\device\startup\startup_n32g45x.s

PendSV_Handler 00000016

Symbol: PendSV_Handler
   Definitions
      At line 231 in file ..\firmware\CMSIS\device\startup\startup_n32g45x.s
   Uses
      At line 89 in file ..\firmware\CMSIS\device\startup\startup_n32g45x.s
      At line 232 in file ..\firmware\CMSIS\device\startup\startup_n32g45x.s

QSPI_IRQHandler 0000001A

Symbol: QSPI_IRQHandler
   Definitions
      At line 395 in file ..\firmware\CMSIS\device\startup\startup_n32g45x.s
   Uses
      At line 160 in file ..\firmware\CMSIS\device\startup\startup_n32g45x.s
      At line 308 in file ..\firmware\CMSIS\device\startup\startup_n32g45x.s

RCC_IRQHandler 0000001A

Symbol: RCC_IRQHandler
   Definitions
      At line 333 in file ..\firmware\CMSIS\device\startup\startup_n32g45x.s
   Uses
      At line 98 in file ..\firmware\CMSIS\device\startup\startup_n32g45x.s
      At line 247 in file ..\firmware\CMSIS\device\startup\startup_n32g45x.s

RESERVE48_IRQHandler 0000001A

Symbol: RESERVE48_IRQHandler
   Definitions
      At line 376 in file ..\firmware\CMSIS\device\startup\startup_n32g45x.s
   Uses
      At line 141 in file ..\firmware\CMSIS\device\startup\startup_n32g45x.s
Comment: RESERVE48_IRQHandler used once
RSRAM_IRQHandler 0000001A

Symbol: RSRAM_IRQHandler



ARM Macro Assembler    Page 10 Alphabetic symbol ordering
Relocatable symbols

   Definitions
      At line 413 in file ..\firmware\CMSIS\device\startup\startup_n32g45x.s
   Uses
      At line 178 in file ..\firmware\CMSIS\device\startup\startup_n32g45x.s
      At line 326 in file ..\firmware\CMSIS\device\startup\startup_n32g45x.s

RTCAlarm_IRQHandler 0000001A

Symbol: RTCAlarm_IRQHandler
   Definitions
      At line 369 in file ..\firmware\CMSIS\device\startup\startup_n32g45x.s
   Uses
      At line 134 in file ..\firmware\CMSIS\device\startup\startup_n32g45x.s
      At line 283 in file ..\firmware\CMSIS\device\startup\startup_n32g45x.s

RTC_WKUP_IRQHandler 0000001A

Symbol: RTC_WKUP_IRQHandler
   Definitions
      At line 331 in file ..\firmware\CMSIS\device\startup\startup_n32g45x.s
   Uses
      At line 96 in file ..\firmware\CMSIS\device\startup\startup_n32g45x.s
      At line 245 in file ..\firmware\CMSIS\device\startup\startup_n32g45x.s

Reset_Handler 00000000

Symbol: Reset_Handler
   Definitions
      At line 186 in file ..\firmware\CMSIS\device\startup\startup_n32g45x.s
   Uses
      At line 76 in file ..\firmware\CMSIS\device\startup\startup_n32g45x.s
      At line 187 in file ..\firmware\CMSIS\device\startup\startup_n32g45x.s

SAC_IRQHandler 0000001A

Symbol: SAC_IRQHandler
   Definitions
      At line 407 in file ..\firmware\CMSIS\device\startup\startup_n32g45x.s
   Uses
      At line 172 in file ..\firmware\CMSIS\device\startup\startup_n32g45x.s
      At line 320 in file ..\firmware\CMSIS\device\startup\startup_n32g45x.s

SDIO_IRQHandler 0000001A

Symbol: SDIO_IRQHandler
   Definitions
      At line 377 in file ..\firmware\CMSIS\device\startup\startup_n32g45x.s
   Uses
      At line 142 in file ..\firmware\CMSIS\device\startup\startup_n32g45x.s
      At line 290 in file ..\firmware\CMSIS\device\startup\startup_n32g45x.s

SPI1_IRQHandler 0000001A

Symbol: SPI1_IRQHandler
   Definitions
      At line 363 in file ..\firmware\CMSIS\device\startup\startup_n32g45x.s
   Uses
      At line 128 in file ..\firmware\CMSIS\device\startup\startup_n32g45x.s
      At line 277 in file ..\firmware\CMSIS\device\startup\startup_n32g45x.s



ARM Macro Assembler    Page 11 Alphabetic symbol ordering
Relocatable symbols


SPI2_IRQHandler 0000001A

Symbol: SPI2_IRQHandler
   Definitions
      At line 364 in file ..\firmware\CMSIS\device\startup\startup_n32g45x.s
   Uses
      At line 129 in file ..\firmware\CMSIS\device\startup\startup_n32g45x.s
      At line 278 in file ..\firmware\CMSIS\device\startup\startup_n32g45x.s

SPI3_IRQHandler 0000001A

Symbol: SPI3_IRQHandler
   Definitions
      At line 379 in file ..\firmware\CMSIS\device\startup\startup_n32g45x.s
   Uses
      At line 144 in file ..\firmware\CMSIS\device\startup\startup_n32g45x.s
      At line 292 in file ..\firmware\CMSIS\device\startup\startup_n32g45x.s

SVC_Handler 00000012

Symbol: SVC_Handler
   Definitions
      At line 222 in file ..\firmware\CMSIS\device\startup\startup_n32g45x.s
   Uses
      At line 86 in file ..\firmware\CMSIS\device\startup\startup_n32g45x.s
      At line 223 in file ..\firmware\CMSIS\device\startup\startup_n32g45x.s

SysTick_Handler 00000018

Symbol: SysTick_Handler
   Definitions
      At line 235 in file ..\firmware\CMSIS\device\startup\startup_n32g45x.s
   Uses
      At line 90 in file ..\firmware\CMSIS\device\startup\startup_n32g45x.s
      At line 236 in file ..\firmware\CMSIS\device\startup\startup_n32g45x.s

TAMPER_IRQHandler 0000001A

Symbol: TAMPER_IRQHandler
   Definitions
      At line 330 in file ..\firmware\CMSIS\device\startup\startup_n32g45x.s
   Uses
      At line 95 in file ..\firmware\CMSIS\device\startup\startup_n32g45x.s
      At line 244 in file ..\firmware\CMSIS\device\startup\startup_n32g45x.s

TIM1_BRK_IRQHandler 0000001A

Symbol: TIM1_BRK_IRQHandler
   Definitions
      At line 352 in file ..\firmware\CMSIS\device\startup\startup_n32g45x.s
   Uses
      At line 117 in file ..\firmware\CMSIS\device\startup\startup_n32g45x.s
      At line 266 in file ..\firmware\CMSIS\device\startup\startup_n32g45x.s

TIM1_CC_IRQHandler 0000001A

Symbol: TIM1_CC_IRQHandler
   Definitions



ARM Macro Assembler    Page 12 Alphabetic symbol ordering
Relocatable symbols

      At line 355 in file ..\firmware\CMSIS\device\startup\startup_n32g45x.s
   Uses
      At line 120 in file ..\firmware\CMSIS\device\startup\startup_n32g45x.s
      At line 269 in file ..\firmware\CMSIS\device\startup\startup_n32g45x.s

TIM1_TRG_COM_IRQHandler 0000001A

Symbol: TIM1_TRG_COM_IRQHandler
   Definitions
      At line 354 in file ..\firmware\CMSIS\device\startup\startup_n32g45x.s
   Uses
      At line 119 in file ..\firmware\CMSIS\device\startup\startup_n32g45x.s
      At line 268 in file ..\firmware\CMSIS\device\startup\startup_n32g45x.s

TIM1_UP_IRQHandler 0000001A

Symbol: TIM1_UP_IRQHandler
   Definitions
      At line 353 in file ..\firmware\CMSIS\device\startup\startup_n32g45x.s
   Uses
      At line 118 in file ..\firmware\CMSIS\device\startup\startup_n32g45x.s
      At line 267 in file ..\firmware\CMSIS\device\startup\startup_n32g45x.s

TIM2_IRQHandler 0000001A

Symbol: TIM2_IRQHandler
   Definitions
      At line 356 in file ..\firmware\CMSIS\device\startup\startup_n32g45x.s
   Uses
      At line 121 in file ..\firmware\CMSIS\device\startup\startup_n32g45x.s
      At line 270 in file ..\firmware\CMSIS\device\startup\startup_n32g45x.s

TIM3_IRQHandler 0000001A

Symbol: TIM3_IRQHandler
   Definitions
      At line 357 in file ..\firmware\CMSIS\device\startup\startup_n32g45x.s
   Uses
      At line 122 in file ..\firmware\CMSIS\device\startup\startup_n32g45x.s
      At line 271 in file ..\firmware\CMSIS\device\startup\startup_n32g45x.s

TIM4_IRQHandler 0000001A

Symbol: TIM4_IRQHandler
   Definitions
      At line 358 in file ..\firmware\CMSIS\device\startup\startup_n32g45x.s
   Uses
      At line 123 in file ..\firmware\CMSIS\device\startup\startup_n32g45x.s
      At line 272 in file ..\firmware\CMSIS\device\startup\startup_n32g45x.s

TIM5_IRQHandler 0000001A

Symbol: TIM5_IRQHandler
   Definitions
      At line 378 in file ..\firmware\CMSIS\device\startup\startup_n32g45x.s
   Uses
      At line 143 in file ..\firmware\CMSIS\device\startup\startup_n32g45x.s
      At line 291 in file ..\firmware\CMSIS\device\startup\startup_n32g45x.s




ARM Macro Assembler    Page 13 Alphabetic symbol ordering
Relocatable symbols

TIM6_IRQHandler 0000001A

Symbol: TIM6_IRQHandler
   Definitions
      At line 382 in file ..\firmware\CMSIS\device\startup\startup_n32g45x.s
   Uses
      At line 147 in file ..\firmware\CMSIS\device\startup\startup_n32g45x.s
      At line 295 in file ..\firmware\CMSIS\device\startup\startup_n32g45x.s

TIM7_IRQHandler 0000001A

Symbol: TIM7_IRQHandler
   Definitions
      At line 383 in file ..\firmware\CMSIS\device\startup\startup_n32g45x.s
   Uses
      At line 148 in file ..\firmware\CMSIS\device\startup\startup_n32g45x.s
      At line 296 in file ..\firmware\CMSIS\device\startup\startup_n32g45x.s

TIM8_BRK_IRQHandler 0000001A

Symbol: TIM8_BRK_IRQHandler
   Definitions
      At line 371 in file ..\firmware\CMSIS\device\startup\startup_n32g45x.s
   Uses
      At line 136 in file ..\firmware\CMSIS\device\startup\startup_n32g45x.s
      At line 285 in file ..\firmware\CMSIS\device\startup\startup_n32g45x.s

TIM8_CC_IRQHandler 0000001A

Symbol: TIM8_CC_IRQHandler
   Definitions
      At line 374 in file ..\firmware\CMSIS\device\startup\startup_n32g45x.s
   Uses
      At line 139 in file ..\firmware\CMSIS\device\startup\startup_n32g45x.s
      At line 288 in file ..\firmware\CMSIS\device\startup\startup_n32g45x.s

TIM8_TRG_COM_IRQHandler 0000001A

Symbol: TIM8_TRG_COM_IRQHandler
   Definitions
      At line 373 in file ..\firmware\CMSIS\device\startup\startup_n32g45x.s
   Uses
      At line 138 in file ..\firmware\CMSIS\device\startup\startup_n32g45x.s
      At line 287 in file ..\firmware\CMSIS\device\startup\startup_n32g45x.s

TIM8_UP_IRQHandler 0000001A

Symbol: TIM8_UP_IRQHandler
   Definitions
      At line 372 in file ..\firmware\CMSIS\device\startup\startup_n32g45x.s
   Uses
      At line 137 in file ..\firmware\CMSIS\device\startup\startup_n32g45x.s
      At line 286 in file ..\firmware\CMSIS\device\startup\startup_n32g45x.s

TSC_IRQHandler 0000001A

Symbol: TSC_IRQHandler
   Definitions
      At line 409 in file ..\firmware\CMSIS\device\startup\startup_n32g45x.s



ARM Macro Assembler    Page 14 Alphabetic symbol ordering
Relocatable symbols

   Uses
      At line 174 in file ..\firmware\CMSIS\device\startup\startup_n32g45x.s
      At line 322 in file ..\firmware\CMSIS\device\startup\startup_n32g45x.s

UART4_IRQHandler 0000001A

Symbol: UART4_IRQHandler
   Definitions
      At line 380 in file ..\firmware\CMSIS\device\startup\startup_n32g45x.s
   Uses
      At line 145 in file ..\firmware\CMSIS\device\startup\startup_n32g45x.s
      At line 293 in file ..\firmware\CMSIS\device\startup\startup_n32g45x.s

UART5_IRQHandler 0000001A

Symbol: UART5_IRQHandler
   Definitions
      At line 381 in file ..\firmware\CMSIS\device\startup\startup_n32g45x.s
   Uses
      At line 146 in file ..\firmware\CMSIS\device\startup\startup_n32g45x.s
      At line 294 in file ..\firmware\CMSIS\device\startup\startup_n32g45x.s

UART6_IRQHandler 0000001A

Symbol: UART6_IRQHandler
   Definitions
      At line 402 in file ..\firmware\CMSIS\device\startup\startup_n32g45x.s
   Uses
      At line 167 in file ..\firmware\CMSIS\device\startup\startup_n32g45x.s
      At line 315 in file ..\firmware\CMSIS\device\startup\startup_n32g45x.s

UART7_IRQHandler 0000001A

Symbol: UART7_IRQHandler
   Definitions
      At line 403 in file ..\firmware\CMSIS\device\startup\startup_n32g45x.s
   Uses
      At line 168 in file ..\firmware\CMSIS\device\startup\startup_n32g45x.s
      At line 316 in file ..\firmware\CMSIS\device\startup\startup_n32g45x.s

USART1_IRQHandler 0000001A

Symbol: USART1_IRQHandler
   Definitions
      At line 365 in file ..\firmware\CMSIS\device\startup\startup_n32g45x.s
   Uses
      At line 130 in file ..\firmware\CMSIS\device\startup\startup_n32g45x.s
      At line 279 in file ..\firmware\CMSIS\device\startup\startup_n32g45x.s

USART2_IRQHandler 0000001A

Symbol: USART2_IRQHandler
   Definitions
      At line 366 in file ..\firmware\CMSIS\device\startup\startup_n32g45x.s
   Uses
      At line 131 in file ..\firmware\CMSIS\device\startup\startup_n32g45x.s
      At line 280 in file ..\firmware\CMSIS\device\startup\startup_n32g45x.s

USART3_IRQHandler 0000001A



ARM Macro Assembler    Page 15 Alphabetic symbol ordering
Relocatable symbols


Symbol: USART3_IRQHandler
   Definitions
      At line 367 in file ..\firmware\CMSIS\device\startup\startup_n32g45x.s
   Uses
      At line 132 in file ..\firmware\CMSIS\device\startup\startup_n32g45x.s
      At line 281 in file ..\firmware\CMSIS\device\startup\startup_n32g45x.s

USBWakeUp_IRQHandler 0000001A

Symbol: USBWakeUp_IRQHandler
   Definitions
      At line 370 in file ..\firmware\CMSIS\device\startup\startup_n32g45x.s
   Uses
      At line 135 in file ..\firmware\CMSIS\device\startup\startup_n32g45x.s
      At line 284 in file ..\firmware\CMSIS\device\startup\startup_n32g45x.s

USB_HP_CAN1_TX_IRQHandler 0000001A

Symbol: USB_HP_CAN1_TX_IRQHandler
   Definitions
      At line 347 in file ..\firmware\CMSIS\device\startup\startup_n32g45x.s
   Uses
      At line 112 in file ..\firmware\CMSIS\device\startup\startup_n32g45x.s
      At line 261 in file ..\firmware\CMSIS\device\startup\startup_n32g45x.s

USB_LP_CAN1_RX0_IRQHandler 0000001A

Symbol: USB_LP_CAN1_RX0_IRQHandler
   Definitions
      At line 348 in file ..\firmware\CMSIS\device\startup\startup_n32g45x.s
   Uses
      At line 113 in file ..\firmware\CMSIS\device\startup\startup_n32g45x.s
      At line 262 in file ..\firmware\CMSIS\device\startup\startup_n32g45x.s

UsageFault_Handler 00000010

Symbol: UsageFault_Handler
   Definitions
      At line 218 in file ..\firmware\CMSIS\device\startup\startup_n32g45x.s
   Uses
      At line 81 in file ..\firmware\CMSIS\device\startup\startup_n32g45x.s
      At line 219 in file ..\firmware\CMSIS\device\startup\startup_n32g45x.s

WWDG_IRQHandler 0000001A

Symbol: WWDG_IRQHandler
   Definitions
      At line 328 in file ..\firmware\CMSIS\device\startup\startup_n32g45x.s
   Uses
      At line 93 in file ..\firmware\CMSIS\device\startup\startup_n32g45x.s
      At line 242 in file ..\firmware\CMSIS\device\startup\startup_n32g45x.s

98 symbols



ARM Macro Assembler    Page 1 Alphabetic symbol ordering
Absolute symbols

Heap_Size 00000300

Symbol: Heap_Size
   Definitions
      At line 58 in file ..\firmware\CMSIS\device\startup\startup_n32g45x.s
   Uses
      At line 62 in file ..\firmware\CMSIS\device\startup\startup_n32g45x.s
Comment: Heap_Size used once
Stack_Size 00001500

Symbol: Stack_Size
   Definitions
      At line 35 in file ..\firmware\CMSIS\device\startup\startup_n32g45x.s
   Uses
      At line 38 in file ..\firmware\CMSIS\device\startup\startup_n32g45x.s
Comment: Stack_Size used once
__Vectors_Size 00000198

Symbol: __Vectors_Size
   Definitions
      At line 181 in file ..\firmware\CMSIS\device\startup\startup_n32g45x.s
   Uses
      At line 73 in file ..\firmware\CMSIS\device\startup\startup_n32g45x.s
Comment: __Vectors_Size used once
3 symbols



ARM Macro Assembler    Page 1 Alphabetic symbol ordering
External symbols

SystemInit 00000000

Symbol: SystemInit
   Definitions
      At line 189 in file ..\firmware\CMSIS\device\startup\startup_n32g45x.s
   Uses
      At line 190 in file ..\firmware\CMSIS\device\startup\startup_n32g45x.s
Comment: SystemInit used once
__main 00000000

Symbol: __main
   Definitions
      At line 188 in file ..\firmware\CMSIS\device\startup\startup_n32g45x.s
   Uses
      At line 192 in file ..\firmware\CMSIS\device\startup\startup_n32g45x.s
Comment: __main used once
2 symbols
452 symbols in table
